#
# There is insufficient memory for the Java Runtime Environment to continue.
# Native memory allocation (mmap) failed to map 266338304 bytes for G1 virtual space
# Possible reasons:
#   The system is out of physical RAM or swap space
#   The process is running with CompressedOops enabled, and the Java Heap may be blocking the growth of the native heap
# Possible solutions:
#   Reduce memory load on the system
#   Increase physical memory or swap space
#   Check if swap backing store is full
#   Decrease Java heap size (-Xmx/-Xms)
#   Decrease number of Java threads
#   Decrease Java thread stack sizes (-Xss)
#   Set larger code cache with -XX:ReservedCodeCacheSize=
#   JVM is running with Zero Based Compressed Oops mode in which the Java heap is
#     placed in the first 32GB address space. The Java Heap base address is the
#     maximum limit for the native heap growth. Please use -XX:HeapBaseMinAddress
#     to set the Java Heap base and to place the Java Heap above 32GB virtual address.
# This output file may be truncated or incomplete.
#
#  Out of Memory Error (os_windows.cpp:3600), pid=15636, tid=8464
#
# JRE version:  (21.0.1+12) (build )
# Java VM: Java HotSpot(TM) 64-Bit Server VM (21.0.1+12-LTS-29, mixed mode, sharing, tiered, compressed oops, compressed class ptrs, g1 gc, windows-amd64)
# No core dump will be written. Minidumps are not enabled by default on client versions of Windows
#

---------------  S U M M A R Y ------------

Command Line: -Dfile.encoding=UTF-8 --module-path=C:\Users\Ngocpu\Documents\NetBeansProjects\hotelmanagementSystem\build\classes hotelmanagementsystem.Reception

Host: Intel(R) Core(TM) i5-10300H CPU @ 2.50GHz, 8 cores, 15G,  Windows 11 , 64 bit Build 22621 (10.0.22621.2506)
Time: Wed Nov 22 10:46:06 2023 SE Asia Standard Time elapsed time: 0.006818 seconds (0d 0h 0m 0s)

---------------  T H R E A D  ---------------

Current thread (0x0000023ae107a590):  JavaThread "Unknown thread" [_thread_in_vm, id=8464, stack(0x0000008efee00000,0x0000008efef00000) (1024K)]

Stack: [0x0000008efee00000,0x0000008efef00000]
Native frames: (J=compiled Java code, j=interpreted, Vv=VM code, C=native code)
V  [jvm.dll+0x6c9029]
V  [jvm.dll+0x854b81]
V  [jvm.dll+0x856e5e]
V  [jvm.dll+0x857543]
V  [jvm.dll+0x280c06]
V  [jvm.dll+0x6c5715]
V  [jvm.dll+0x6ba10a]
V  [jvm.dll+0x3557ea]
V  [jvm.dll+0x35d436]
V  [jvm.dll+0x3ae1be]
V  [jvm.dll+0x3ae468]
V  [jvm.dll+0x3291fc]
V  [jvm.dll+0x329d8b]
V  [jvm.dll+0x81d179]
V  [jvm.dll+0x3bb4f1]
V  [jvm.dll+0x805ae8]
V  [jvm.dll+0x44effe]
V  [jvm.dll+0x450901]
C  [jli.dll+0x52a3]
C  [ucrtbase.dll+0x29363]
C  [KERNEL32.DLL+0x1257d]
C  [ntdll.dll+0x5aa58]


---------------  P R O C E S S  ---------------

Threads class SMR info:
_java_thread_list=0x00007fff10339b88, length=0, elements={
}

Java Threads: ( => current thread )
Total: 0

Other Threads:
  0x0000023ae3448d20 WorkerThread "GC Thread#0"                     [id=21084, stack(0x0000008efef00000,0x0000008eff000000) (1024K)]
  0x0000023ae345a750 ConcurrentGCThread "G1 Main Marker"            [id=13344, stack(0x0000008eff000000,0x0000008eff100000) (1024K)]
  0x0000023ae345b900 WorkerThread "G1 Conc#0"                       [id=2332, stack(0x0000008eff100000,0x0000008eff200000) (1024K)]

[error occurred during error reporting (printing all threads), id 0xc0000005, EXCEPTION_ACCESS_VIOLATION (0xc0000005) at pc=0x00007fff0faac2c7]
VM state: not at safepoint (not fully initialized)

VM Mutex/Monitor currently owned by a thread:  ([mutex/lock_event])
[0x00007fff103aa6f8] Heap_lock - owner thread: 0x0000023ae107a590

Heap address: 0x0000000702800000, size: 4056 MB, Compressed Oops mode: Zero based, Oop shift amount: 3

CDS archive(s) mapped at: [0x0000000000000000-0x0000000000000000-0x0000000000000000), size 0, SharedBaseAddress: 0x0000000800000000, ArchiveRelocationMode: 1.
Narrow klass base: 0x0000000000000000, Narrow klass shift: 0, Narrow klass range: 0x0

GC Precious Log:
 CardTable entry size: 512
 Card Set container configuration: InlinePtr #cards 4 size 8 Array Of Cards #cards 16 size 48 Howl #buckets 8 coarsen threshold 3686 Howl Bitmap #cards 512 size 80 coarsen threshold 460 Card regions per heap region 1 cards per card region 4096

Heap:
 garbage-first heap   total 0K, used 0K [0x0000000702800000, 0x0000000800000000)
  region size 2048K, 0 young (0K), 0 survivors (0K)

[error occurred during error reporting (printing heap information), id 0xc0000005, EXCEPTION_ACCESS_VIOLATION (0xc0000005) at pc=0x00007fff0fe91be9]
GC Heap History (0 events):
No events

Dll operation events (1 events):
Event: 0.004 Loaded shared library C:\Program Files\Java\jdk-21\bin\java.dll

Deoptimization events (0 events):
No events

Classes loaded (0 events):
No events

Classes unloaded (0 events):
No events

Classes redefined (0 events):
No events

Internal exceptions (0 events):
No events

ZGC Phase Switch (0 events):
No events

VM Operations (0 events):
No events

Events (0 events):
No events


Dynamic libraries:
0x00007ff6bf260000 - 0x00007ff6bf270000 	C:\Program Files\Java\jdk-21\bin\java.exe
0x00007fff6bf10000 - 0x00007fff6c127000 	C:\WINDOWS\SYSTEM32\ntdll.dll
0x00007fff6ae60000 - 0x00007fff6af24000 	C:\WINDOWS\System32\KERNEL32.DLL
0x00007fff69790000 - 0x00007fff69b35000 	C:\WINDOWS\System32\KERNELBASE.dll
0x00007fff692f0000 - 0x00007fff69401000 	C:\WINDOWS\System32\ucrtbase.dll
0x00007fff5f5a0000 - 0x00007fff5f5bb000 	C:\Program Files\Java\jdk-21\bin\VCRUNTIME140.dll
0x00007fff60010000 - 0x00007fff60029000 	C:\Program Files\Java\jdk-21\bin\jli.dll
0x00007fff6be10000 - 0x00007fff6bec1000 	C:\WINDOWS\System32\ADVAPI32.dll
0x00007fff6a590000 - 0x00007fff6a637000 	C:\WINDOWS\System32\msvcrt.dll
0x00007fff6a4e0000 - 0x00007fff6a586000 	C:\WINDOWS\System32\sechost.dll
0x00007fff6a7b0000 - 0x00007fff6a8c7000 	C:\WINDOWS\System32\RPCRT4.dll
0x00007fff6b190000 - 0x00007fff6b33e000 	C:\WINDOWS\System32\USER32.dll
0x00007fff5d140000 - 0x00007fff5d3d3000 	C:\WINDOWS\WinSxS\amd64_microsoft.windows.common-controls_6595b64144ccf1df_6.0.22621.2506_none_270c5ae97388e100\COMCTL32.dll
0x00007fff69580000 - 0x00007fff695a6000 	C:\WINDOWS\System32\win32u.dll
0x00007fff6b010000 - 0x00007fff6b039000 	C:\WINDOWS\System32\GDI32.dll
0x00007fff69670000 - 0x00007fff69789000 	C:\WINDOWS\System32\gdi32full.dll
0x00007fff69b40000 - 0x00007fff69bda000 	C:\WINDOWS\System32\msvcp_win.dll
0x00007fff61a40000 - 0x00007fff61a4a000 	C:\WINDOWS\SYSTEM32\VERSION.dll
0x00007fff6aa80000 - 0x00007fff6aab1000 	C:\WINDOWS\System32\IMM32.DLL
0x00007fff5f610000 - 0x00007fff5f61c000 	C:\Program Files\Java\jdk-21\bin\vcruntime140_1.dll
0x00007fff396d0000 - 0x00007fff3975e000 	C:\Program Files\Java\jdk-21\bin\msvcp140.dll
0x00007fff0f770000 - 0x00007fff10485000 	C:\Program Files\Java\jdk-21\bin\server\jvm.dll
0x00007fff6bd40000 - 0x00007fff6bdb1000 	C:\WINDOWS\System32\WS2_32.dll
0x00007fff680d0000 - 0x00007fff6811d000 	C:\WINDOWS\SYSTEM32\POWRPROF.dll
0x00007fff63f90000 - 0x00007fff63fc4000 	C:\WINDOWS\SYSTEM32\WINMM.dll
0x00007fff680b0000 - 0x00007fff680c3000 	C:\WINDOWS\SYSTEM32\UMPDC.dll
0x00007fff68310000 - 0x00007fff68328000 	C:\WINDOWS\SYSTEM32\kernel.appcore.dll
0x00007fff520d0000 - 0x00007fff520da000 	C:\Program Files\Java\jdk-21\bin\jimage.dll
0x00007fff66be0000 - 0x00007fff66e13000 	C:\WINDOWS\SYSTEM32\DBGHELP.DLL
0x00007fff6aad0000 - 0x00007fff6ae59000 	C:\WINDOWS\System32\combase.dll
0x00007fff6af30000 - 0x00007fff6b007000 	C:\WINDOWS\System32\OLEAUT32.dll
0x00007fff60ed0000 - 0x00007fff60f02000 	C:\WINDOWS\SYSTEM32\dbgcore.DLL
0x00007fff69be0000 - 0x00007fff69c5a000 	C:\WINDOWS\System32\bcryptPrimitives.dll
0x00007fff57d10000 - 0x00007fff57d2f000 	C:\Program Files\Java\jdk-21\bin\java.dll

dbghelp: loaded successfully - version: 4.0.5 - missing functions: none
symbol engine: initialized successfully - sym options: 0x614 - pdb path: .;C:\Program Files\Java\jdk-21\bin;C:\WINDOWS\SYSTEM32;C:\WINDOWS\WinSxS\amd64_microsoft.windows.common-controls_6595b64144ccf1df_6.0.22621.2506_none_270c5ae97388e100;C:\Program Files\Java\jdk-21\bin\server

VM Arguments:
jvm_args: -Dfile.encoding=UTF-8 --module-path=C:\Users\Ngocpu\Documents\NetBeansProjects\hotelmanagementSystem\build\classes 
java_command: hotelmanagementsystem.Reception
java_class_path (initial): C:\Users\Ngocpu\Downloads\mysql-connector-java-8.0.28.jar;C:\Users\Ngocpu\Downloads\rs2xml.jar;C:\Users\Ngocpu\Documents\NetBeansProjects\hotelmanagementSystem\build\classes
Launcher Type: SUN_STANDARD

[Global flags]
     intx CICompilerCount                          = 4                                         {product} {ergonomic}
     uint ConcGCThreads                            = 2                                         {product} {ergonomic}
     uint G1ConcRefinementThreads                  = 8                                         {product} {ergonomic}
   size_t G1HeapRegionSize                         = 2097152                                   {product} {ergonomic}
    uintx GCDrainStackTargetSize                   = 64                                        {product} {ergonomic}
   size_t InitialHeapSize                          = 266338304                                 {product} {ergonomic}
   size_t MarkStackSize                            = 4194304                                   {product} {ergonomic}
   size_t MaxHeapSize                              = 4253024256                                {product} {ergonomic}
   size_t MinHeapDeltaBytes                        = 2097152                                   {product} {ergonomic}
   size_t MinHeapSize                              = 8388608                                   {product} {ergonomic}
    uintx NonNMethodCodeHeapSize                   = 5839372                                {pd product} {ergonomic}
    uintx NonProfiledCodeHeapSize                  = 122909434                              {pd product} {ergonomic}
    uintx ProfiledCodeHeapSize                     = 122909434                              {pd product} {ergonomic}
    uintx ReservedCodeCacheSize                    = 251658240                              {pd product} {ergonomic}
     bool SegmentedCodeCache                       = true                                      {product} {ergonomic}
   size_t SoftMaxHeapSize                          = 4253024256                             {manageable} {ergonomic}
     bool UseCompressedOops                        = true                           {product lp64_product} {ergonomic}
     bool UseG1GC                                  = true                                      {product} {ergonomic}
     bool UseLargePagesIndividualAllocation        = false                                  {pd product} {ergonomic}

Logging:
Log output configuration:
 #0: stdout all=warning uptime,level,tags foldmultilines=false
 #1: stderr all=off uptime,level,tags foldmultilines=false

Environment Variables:
PATH=C:\Program Files\Common Files\Oracle\Java\javapath;C:\Program Files (x86)\Common Files\Oracle\Java\javapath;C:\Program Files (x86)\VMware\VMware Player\bin\;C:\Program Files\Python311\Scripts\;C:\Program Files\Python311\;C:\Program Files\Eclipse Adoptium\jdk-17.0.7.7-hotspot\bin;C:\Windows\system32;C:\Windows;C:\Windows\System32\Wbem;C:\Windows\System32\WindowsPowerShell\v1.0\;C:\Windows\System32\OpenSSH\;C:\Program Files (x86)\NVIDIA Corporation\PhysX\Common;C:\Program Files\NVIDIA Corporation\NVIDIA NvDLISR;C:\WINDOWS\system32;C:\WINDOWS;C:\WINDOWS\System32\Wbem;C:\WINDOWS\System32\WindowsPowerShell\v1.0\;C:\WINDOWS\System32\OpenSSH\;C:\Program Files\Git\cmd;C:\Program Files\nodejs\;C:\Program Files (x86)\Microsoft SQL Server\160\Tools\Binn\;C:\Program Files\Microsoft SQL Server\160\Tools\Binn\;C:\Program Files\Microsoft SQL Server\Client SDK\ODBC\170\Tools\Binn\;C:\Program Files\Microsoft SQL Server\160\DTS\Binn\;C:\Program Files (x86)\Microsoft SQL Server\160\DTS\Binn\;C:\Program Files\Azure Data Studio\bin;C:\Users\Ngocpu\AppData\Local\Microsoft\WindowsApps;C:\Users\Ngocpu\AppData\Local\Programs\Microsoft VS Code\bin;C:\msys64\mingw64\bin;C:\Users\Ngocpu\AppData\Roaming\npm;E:\src\flutter\bin;;C:\Program Files\Azure Data Studio\bin
USERNAME=Ngocpu
OS=Windows_NT
PROCESSOR_IDENTIFIER=Intel64 Family 6 Model 165 Stepping 2, GenuineIntel
TMP=C:\Users\Ngocpu\AppData\Local\Temp
TEMP=C:\Users\Ngocpu\AppData\Local\Temp




Periodic native trim disabled

---------------  S Y S T E M  ---------------

OS:
 Windows 11 , 64 bit Build 22621 (10.0.22621.2506)
OS uptime: 2 days 13:02 hours

CPU: total 8 (initial active 8) (4 cores per cpu, 2 threads per core) family 6 model 165 stepping 2 microcode 0xe0, cx8, cmov, fxsr, ht, mmx, 3dnowpref, sse, sse2, sse3, ssse3, sse4.1, sse4.2, popcnt, lzcnt, tsc, tscinvbit, avx, avx2, aes, erms, clmul, bmi1, bmi2, adx, fma, vzeroupper, clflush, clflushopt, rdtscp, f16c, pku
Processor Information for all 8 processors :
  Max Mhz: 2496, Current Mhz: 2496, Mhz Limit: 2496

Memory: 4k page, system-wide physical 16221M (3547M free)
TotalPageFile size 24413M (AvailPageFile size 51M)
current process WorkingSet (physical memory assigned to process): 11M, peak: 11M
current process commit charge ("private bytes"): 60M, peak: 314M

vm_info: Java HotSpot(TM) 64-Bit Server VM (21.0.1+12-LTS-29) for windows-amd64 JRE (21.0.1+12-LTS-29), built on 2023-10-05T13:27:09Z by "mach5one" with MS VC++ 17.1 (VS2022)

END.
